

Started GET "/assets/rails.png" for 127.0.0.1 at 2012-03-16 18:02:12 +0100
Served asset /rails.png - 304 Not Modified (5ms)
  [1m[36m (0.2ms)[0m  [1mselect sqlite_version(*)[0m
  [1m[35m (1.2ms)[0m  CREATE TABLE "schema_migrations" ("version" varchar(255) NOT NULL) 
  [1m[36m (0.0ms)[0m  [1mPRAGMA index_list("schema_migrations")[0m
  [1m[35m (6.6ms)[0m  CREATE UNIQUE INDEX "unique_schema_migrations" ON "schema_migrations" ("version")
  [1m[36m (0.1ms)[0m  [1mSELECT "schema_migrations"."version" FROM "schema_migrations" [0m
Migrating to CreateScuolas (20120316170728)
  [1m[35m (0.0ms)[0m  begin transaction
  [1m[36m (0.5ms)[0m  [1mCREATE TABLE "scuolas" ("id" INTEGER PRIMARY KEY AUTOINCREMENT NOT NULL, "nome" varchar(255), "tiposcuola_id" integer, "email" varchar(255), "prminsegnante" varchar(255), "created_at" datetime NOT NULL, "updated_at" datetime NOT NULL) [0m
  [1m[35m (0.1ms)[0m  INSERT INTO "schema_migrations" ("version") VALUES ('20120316170728')
  [1m[36m (1.4ms)[0m  [1mcommit transaction[0m
Migrating to CreatePrenotaziones (20120316170909)
  [1m[35m (0.0ms)[0m  begin transaction
  [1m[36m (0.3ms)[0m  [1mCREATE TABLE "prenotaziones" ("id" INTEGER PRIMARY KEY AUTOINCREMENT NOT NULL, "partecipanti_3" integer, "partecipanti_3_gratis" integer, "scuola_id" integer, "created_at" datetime NOT NULL, "updated_at" datetime NOT NULL) [0m
  [1m[35m (0.1ms)[0m  INSERT INTO "schema_migrations" ("version") VALUES ('20120316170909')
  [1m[36m (1.1ms)[0m  [1mcommit transaction[0m
  [1m[35m (0.3ms)[0m  select sqlite_version(*)
  [1m[36m (0.1ms)[0m  [1mSELECT "schema_migrations"."version" FROM "schema_migrations" [0m
  [1m[35m (0.0ms)[0m  PRAGMA index_list("prenotaziones")
  [1m[36m (0.0ms)[0m  [1mPRAGMA index_list("scuolas")[0m
  [1m[36m (0.1ms)[0m  [1mselect sqlite_version(*)[0m
  [1m[35m (2.8ms)[0m  CREATE TABLE "schema_migrations" ("version" varchar(255) NOT NULL) 
  [1m[36m (0.0ms)[0m  [1mPRAGMA index_list("schema_migrations")[0m
  [1m[35m (1.3ms)[0m  CREATE UNIQUE INDEX "unique_schema_migrations" ON "schema_migrations" ("version")
  [1m[36m (0.1ms)[0m  [1mSELECT "schema_migrations"."version" FROM "schema_migrations" [0m
Migrating to CreateSchools (20120316171821)
  [1m[35m (0.0ms)[0m  begin transaction
  [1m[36m (0.5ms)[0m  [1mCREATE TABLE "schools" ("id" INTEGER PRIMARY KEY AUTOINCREMENT NOT NULL, "name" varchar(255), "schooltype_id" integer, "email" varchar(255), "first_teacher" varchar(255), "created_at" datetime NOT NULL, "updated_at" datetime NOT NULL) [0m
  [1m[35m (0.1ms)[0m  INSERT INTO "schema_migrations" ("version") VALUES ('20120316171821')
  [1m[36m (1.3ms)[0m  [1mcommit transaction[0m
Migrating to CreateBookings (20120316172009)
  [1m[35m (0.1ms)[0m  begin transaction
  [1m[36m (0.3ms)[0m  [1mCREATE TABLE "bookings" ("id" INTEGER PRIMARY KEY AUTOINCREMENT NOT NULL, "attendies_3" integer, "attendies_3_free" integer, "school_id" integer, "created_at" datetime NOT NULL, "updated_at" datetime NOT NULL) [0m
  [1m[35m (0.1ms)[0m  INSERT INTO "schema_migrations" ("version") VALUES ('20120316172009')
  [1m[36m (2.4ms)[0m  [1mcommit transaction[0m
Migrating to AddCityToSchools (20120316172049)
  [1m[35m (0.0ms)[0m  begin transaction
  [1m[36m (0.5ms)[0m  [1mALTER TABLE "schools" ADD "city" varchar(255)[0m
  [1m[35m (0.1ms)[0m  INSERT INTO "schema_migrations" ("version") VALUES ('20120316172049')
  [1m[36m (1.8ms)[0m  [1mcommit transaction[0m
  [1m[35m (0.3ms)[0m  select sqlite_version(*)
  [1m[36m (0.1ms)[0m  [1mSELECT "schema_migrations"."version" FROM "schema_migrations" [0m
  [1m[35m (0.0ms)[0m  PRAGMA index_list("bookings")
  [1m[36m (0.0ms)[0m  [1mPRAGMA index_list("schools")[0m
  [1m[36m (0.1ms)[0m  [1mSELECT "schema_migrations"."version" FROM "schema_migrations" [0m
Migrating to CreateSchools (20120316171821)
Migrating to CreateBookings (20120316172009)
Migrating to AddCityToSchools (20120316172049)
Migrating to DeviseCreateAdminUsers (20120316172533)
  [1m[35m (0.0ms)[0m  select sqlite_version(*)
  [1m[36m (0.0ms)[0m  [1mbegin transaction[0m
  [1m[35m (0.7ms)[0m  CREATE TABLE "admin_users" ("id" INTEGER PRIMARY KEY AUTOINCREMENT NOT NULL, "email" varchar(255) DEFAULT '' NOT NULL, "encrypted_password" varchar(255) DEFAULT '' NOT NULL, "reset_password_token" varchar(255), "reset_password_sent_at" datetime, "remember_created_at" datetime, "sign_in_count" integer DEFAULT 0, "current_sign_in_at" datetime, "last_sign_in_at" datetime, "current_sign_in_ip" varchar(255), "last_sign_in_ip" varchar(255), "created_at" datetime NOT NULL, "updated_at" datetime NOT NULL) 
  [1m[36mAdminUser Exists (0.1ms)[0m  [1mSELECT 1 FROM "admin_users" WHERE "admin_users"."email" = 'admin@example.com' LIMIT 1[0m
Binary data inserted for `string` type on column `encrypted_password`
  [1m[35mSQL (42.8ms)[0m  INSERT INTO "admin_users" ("created_at", "current_sign_in_at", "current_sign_in_ip", "email", "encrypted_password", "last_sign_in_at", "last_sign_in_ip", "remember_created_at", "reset_password_sent_at", "reset_password_token", "sign_in_count", "updated_at") VALUES (?, ?, ?, ?, ?, ?, ?, ?, ?, ?, ?, ?)  [["created_at", Fri, 16 Mar 2012 17:27:46 UTC +00:00], ["current_sign_in_at", nil], ["current_sign_in_ip", nil], ["email", "admin@example.com"], ["encrypted_password", "$2a$10$x5/PJANU6QlkPulWAE6p1eYMfw9xbst.xkv3af6ql3OhVOt48b2RW"], ["last_sign_in_at", nil], ["last_sign_in_ip", nil], ["remember_created_at", nil], ["reset_password_sent_at", nil], ["reset_password_token", nil], ["sign_in_count", 0], ["updated_at", Fri, 16 Mar 2012 17:27:46 UTC +00:00]]
  [1m[36m (0.1ms)[0m  [1mPRAGMA index_list("admin_users")[0m
  [1m[35m (0.5ms)[0m  CREATE UNIQUE INDEX "index_admin_users_on_email" ON "admin_users" ("email")
  [1m[36m (0.1ms)[0m  [1mPRAGMA index_list("admin_users")[0m
  [1m[35m (0.0ms)[0m  PRAGMA index_info('index_admin_users_on_email')
  [1m[36m (0.2ms)[0m  [1mCREATE UNIQUE INDEX "index_admin_users_on_reset_password_token" ON "admin_users" ("reset_password_token")[0m
  [1m[35m (0.1ms)[0m  INSERT INTO "schema_migrations" ("version") VALUES ('20120316172533')
  [1m[36m (1.6ms)[0m  [1mcommit transaction[0m
Migrating to CreateAdminNotes (20120316182536)
  [1m[35m (0.1ms)[0m  begin transaction
  [1m[36m (0.4ms)[0m  [1mCREATE TABLE "admin_notes" ("id" INTEGER PRIMARY KEY AUTOINCREMENT NOT NULL, "resource_id" varchar(255) NOT NULL, "resource_type" varchar(255) NOT NULL, "admin_user_id" integer, "admin_user_type" varchar(255), "body" text, "created_at" datetime NOT NULL, "updated_at" datetime NOT NULL) [0m
  [1m[35m (0.0ms)[0m  PRAGMA index_list("admin_notes")
  [1m[36m (0.1ms)[0m  [1mCREATE INDEX "index_admin_notes_on_resource_type_and_resource_id" ON "admin_notes" ("resource_type", "resource_id")[0m
  [1m[35m (0.0ms)[0m  PRAGMA index_list("admin_notes")
  [1m[36m (0.0ms)[0m  [1mPRAGMA index_info('index_admin_notes_on_resource_type_and_resource_id')[0m
  [1m[35m (0.1ms)[0m  CREATE INDEX "index_admin_notes_on_admin_user_type_and_admin_user_id" ON "admin_notes" ("admin_user_type", "admin_user_id")
  [1m[36m (0.1ms)[0m  [1mINSERT INTO "schema_migrations" ("version") VALUES ('20120316182536')[0m
  [1m[35m (1.7ms)[0m  commit transaction
Migrating to MoveAdminNotesToComments (20120316182537)
  [1m[36m (0.0ms)[0m  [1mbegin transaction[0m
  [1m[35m (0.1ms)[0m  PRAGMA index_list("admin_notes")
  [1m[36m (0.0ms)[0m  [1mPRAGMA index_info('index_admin_notes_on_admin_user_type_and_admin_user_id')[0m
  [1m[35m (0.1ms)[0m  PRAGMA index_info('index_admin_notes_on_resource_type_and_resource_id')
  [1m[36m (0.3ms)[0m  [1mDROP INDEX "index_admin_notes_on_admin_user_type_and_admin_user_id"[0m
  [1m[35m (0.2ms)[0m  ALTER TABLE "admin_notes" RENAME TO "active_admin_comments"
  [1m[36m (0.4ms)[0m  [1mCREATE TEMPORARY TABLE "altered_active_admin_comments" ("id" INTEGER PRIMARY KEY AUTOINCREMENT NOT NULL, "resource_id" varchar(255) NOT NULL, "resource_type" varchar(255) NOT NULL, "admin_user_id" integer, "author_type" varchar(255), "body" text, "created_at" datetime NOT NULL, "updated_at" datetime NOT NULL) [0m
  [1m[35m (0.0ms)[0m  PRAGMA index_list("active_admin_comments")
  [1m[36m (0.0ms)[0m  [1mPRAGMA index_info('index_admin_notes_on_resource_type_and_resource_id')[0m
  [1m[35m (0.0ms)[0m  PRAGMA index_list("altered_active_admin_comments")
  [1m[36m (0.1ms)[0m  [1mCREATE INDEX "temp_index_admin_notes_on_resource_type_and_resource_id" ON "altered_active_admin_comments" ("resource_type", "resource_id")[0m
  [1m[35m (0.0ms)[0m  SELECT * FROM "active_admin_comments"
  [1m[36m (0.3ms)[0m  [1mDROP TABLE "active_admin_comments"[0m
  [1m[35m (0.2ms)[0m  CREATE TABLE "active_admin_comments" ("id" INTEGER PRIMARY KEY AUTOINCREMENT NOT NULL, "resource_id" varchar(255) NOT NULL, "resource_type" varchar(255) NOT NULL, "admin_user_id" integer, "author_type" varchar(255), "body" text, "created_at" datetime NOT NULL, "updated_at" datetime NOT NULL) 
  [1m[36m (0.0ms)[0m  [1mPRAGMA index_list("altered_active_admin_comments")[0m
  [1m[35m (0.0ms)[0m  PRAGMA index_info('temp_index_admin_notes_on_resource_type_and_resource_id')
  [1m[36m (0.0ms)[0m  [1mPRAGMA index_list("active_admin_comments")[0m
  [1m[35m (0.1ms)[0m  CREATE INDEX "index_admin_notes_on_resource_type_and_resource_id" ON "active_admin_comments" ("resource_type", "resource_id")
  [1m[36m (0.1ms)[0m  [1mSELECT * FROM "altered_active_admin_comments"[0m
  [1m[35m (0.4ms)[0m  DROP TABLE "altered_active_admin_comments"
  [1m[36m (0.2ms)[0m  [1mCREATE TEMPORARY TABLE "altered_active_admin_comments" ("id" INTEGER PRIMARY KEY AUTOINCREMENT NOT NULL, "resource_id" varchar(255) NOT NULL, "resource_type" varchar(255) NOT NULL, "author_id" integer, "author_type" varchar(255), "body" text, "created_at" datetime NOT NULL, "updated_at" datetime NOT NULL) [0m
  [1m[35m (0.0ms)[0m  PRAGMA index_list("active_admin_comments")
  [1m[36m (0.1ms)[0m  [1mPRAGMA index_info('index_admin_notes_on_resource_type_and_resource_id')[0m
  [1m[35m (0.0ms)[0m  PRAGMA index_list("altered_active_admin_comments")
  [1m[36m (0.1ms)[0m  [1mCREATE INDEX "temp_index_admin_notes_on_resource_type_and_resource_id" ON "altered_active_admin_comments" ("resource_type", "resource_id")[0m
  [1m[35m (0.0ms)[0m  SELECT * FROM "active_admin_comments"
  [1m[36m (0.2ms)[0m  [1mDROP TABLE "active_admin_comments"[0m
  [1m[35m (0.1ms)[0m  CREATE TABLE "active_admin_comments" ("id" INTEGER PRIMARY KEY AUTOINCREMENT NOT NULL, "resource_id" varchar(255) NOT NULL, "resource_type" varchar(255) NOT NULL, "author_id" integer, "author_type" varchar(255), "body" text, "created_at" datetime NOT NULL, "updated_at" datetime NOT NULL) 
  [1m[36m (0.0ms)[0m  [1mPRAGMA index_list("altered_active_admin_comments")[0m
  [1m[35m (0.0ms)[0m  PRAGMA index_info('temp_index_admin_notes_on_resource_type_and_resource_id')
  [1m[36m (0.0ms)[0m  [1mPRAGMA index_list("active_admin_comments")[0m
  [1m[35m (0.1ms)[0m  CREATE INDEX "index_admin_notes_on_resource_type_and_resource_id" ON "active_admin_comments" ("resource_type", "resource_id")
  [1m[36m (0.0ms)[0m  [1mSELECT * FROM "altered_active_admin_comments"[0m
  [1m[35m (0.1ms)[0m  DROP TABLE "altered_active_admin_comments"
  [1m[36m (0.1ms)[0m  [1mALTER TABLE "active_admin_comments" ADD "namespace" varchar(255)[0m
  [1m[35m (0.0ms)[0m  PRAGMA index_list("active_admin_comments")
  [1m[36m (0.0ms)[0m  [1mPRAGMA index_info('index_admin_notes_on_resource_type_and_resource_id')[0m
  [1m[35m (0.1ms)[0m  CREATE INDEX "index_active_admin_comments_on_namespace" ON "active_admin_comments" ("namespace")
  [1m[36m (0.1ms)[0m  [1mPRAGMA index_list("active_admin_comments")[0m
  [1m[35m (0.0ms)[0m  PRAGMA index_info('index_active_admin_comments_on_namespace')
  [1m[36m (0.0ms)[0m  [1mPRAGMA index_info('index_admin_notes_on_resource_type_and_resource_id')[0m
  [1m[35m (0.1ms)[0m  CREATE INDEX "index_active_admin_comments_on_author_type_and_author_id" ON "active_admin_comments" ("author_type", "author_id")
  [1m[36m (0.1ms)[0m  [1mUPDATE active_admin_comments SET namespace='admin'[0m
  [1m[35m (0.1ms)[0m  INSERT INTO "schema_migrations" ("version") VALUES ('20120316182537')
  [1m[36m (2.0ms)[0m  [1mcommit transaction[0m
  [1m[35m (0.5ms)[0m  select sqlite_version(*)
  [1m[36m (0.1ms)[0m  [1mSELECT "schema_migrations"."version" FROM "schema_migrations" [0m
  [1m[35m (0.0ms)[0m  PRAGMA index_list("active_admin_comments")
  [1m[36m (0.0ms)[0m  [1mPRAGMA index_info('index_active_admin_comments_on_author_type_and_author_id')[0m
  [1m[35m (0.0ms)[0m  PRAGMA index_info('index_active_admin_comments_on_namespace')
  [1m[36m (0.0ms)[0m  [1mPRAGMA index_info('index_admin_notes_on_resource_type_and_resource_id')[0m
  [1m[35m (0.0ms)[0m  PRAGMA index_list("admin_users")
  [1m[36m (0.0ms)[0m  [1mPRAGMA index_info('index_admin_users_on_reset_password_token')[0m
  [1m[35m (0.0ms)[0m  PRAGMA index_info('index_admin_users_on_email')
  [1m[36m (0.0ms)[0m  [1mPRAGMA index_list("bookings")[0m
  [1m[35m (0.0ms)[0m  PRAGMA index_list("schools")


Started GET "/" for 127.0.0.1 at 2012-03-16 18:28:03 +0100

ActionController::RoutingError (No route matches [GET] "/"):
  actionpack (3.2.2) lib/action_dispatch/middleware/debug_exceptions.rb:21:in `call'
  actionpack (3.2.2) lib/action_dispatch/middleware/show_exceptions.rb:56:in `call'
  railties (3.2.2) lib/rails/rack/logger.rb:26:in `call_app'
  railties (3.2.2) lib/rails/rack/logger.rb:16:in `call'
  actionpack (3.2.2) lib/action_dispatch/middleware/request_id.rb:22:in `call'
  rack (1.4.1) lib/rack/methodoverride.rb:21:in `call'
  rack (1.4.1) lib/rack/runtime.rb:17:in `call'
  activesupport (3.2.2) lib/active_support/cache/strategy/local_cache.rb:72:in `call'
  rack (1.4.1) lib/rack/lock.rb:15:in `call'
  actionpack (3.2.2) lib/action_dispatch/middleware/static.rb:61:in `call'
  railties (3.2.2) lib/rails/engine.rb:479:in `call'
  railties (3.2.2) lib/rails/application.rb:220:in `call'
  rack (1.4.1) lib/rack/content_length.rb:14:in `call'
  railties (3.2.2) lib/rails/rack/log_tailer.rb:14:in `call'
  rack (1.4.1) lib/rack/handler/webrick.rb:59:in `service'
  /Users/danielemalavasi/.rvm/rubies/ruby-1.9.3-p125/lib/ruby/1.9.1/webrick/httpserver.rb:138:in `service'
  /Users/danielemalavasi/.rvm/rubies/ruby-1.9.3-p125/lib/ruby/1.9.1/webrick/httpserver.rb:94:in `run'
  /Users/danielemalavasi/.rvm/rubies/ruby-1.9.3-p125/lib/ruby/1.9.1/webrick/server.rb:191:in `block in start_thread'


  Rendered /Users/danielemalavasi/.rvm/gems/ruby-1.9.3-p125/gems/actionpack-3.2.2/lib/action_dispatch/middleware/templates/rescues/routing_error.erb within rescues/layout (3.3ms)


Started GET "/admin" for 127.0.0.1 at 2012-03-16 18:28:10 +0100
Processing by Admin::DashboardController#index as HTML
Completed 401 Unauthorized in 2ms


Started GET "/admin/login" for 127.0.0.1 at 2012-03-16 18:28:10 +0100
Processing by ActiveAdmin::Devise::SessionsController#new as HTML
DEPRECATION WARNING: f.buttons is deprecated in favour of f.actions and will be removed from Formtastic after 2.1. Please see ActionsHelper and InputAction or ButtonAction for more information. (called from realtime at /Users/danielemalavasi/.rvm/rubies/ruby-1.9.3-p125/lib/ruby/1.9.1/benchmark.rb:295)
DEPRECATION WARNING: f.commit_button is deprecated in favour of f.action(:submit) and will be removed from Formtastic after 2.1. Please see ActionsHelper and InputAction or ButtonAction for more information. (called from realtime at /Users/danielemalavasi/.rvm/rubies/ruby-1.9.3-p125/lib/ruby/1.9.1/benchmark.rb:295)
  Rendered /Users/danielemalavasi/.rvm/gems/ruby-1.9.3-p125/gems/activeadmin-0.4.3/app/views/active_admin/devise/shared/_links.erb (1.2ms)
  Rendered /Users/danielemalavasi/.rvm/gems/ruby-1.9.3-p125/gems/activeadmin-0.4.3/app/views/active_admin/devise/sessions/new.html.erb within layouts/active_admin_logged_out (154.1ms)
Compiled active_admin.css  (2044ms)  (pid 2251)
Compiled jquery.js  (1ms)  (pid 2251)
Compiled jquery-ui.js  (2ms)  (pid 2251)
Compiled jquery_ujs.js  (0ms)  (pid 2251)
Compiled active_admin/application.js  (0ms)  (pid 2251)
Compiled active_admin/base.js  (115ms)  (pid 2251)
Compiled active_admin.js  (167ms)  (pid 2251)
Completed 200 OK in 2552ms (Views: 2505.7ms | ActiveRecord: 0.6ms)


Started GET "/assets/jquery-ui.js?body=1" for 127.0.0.1 at 2012-03-16 18:28:12 +0100
Served asset /jquery-ui.js - 304 Not Modified (28ms)


Started GET "/assets/active_admin/application.js?body=1" for 127.0.0.1 at 2012-03-16 18:28:12 +0100
Served asset /active_admin/application.js - 304 Not Modified (2ms)


Started GET "/assets/active_admin.js?body=1" for 127.0.0.1 at 2012-03-16 18:28:12 +0100
Served asset /active_admin.js - 304 Not Modified (13ms)


Started GET "/assets/jquery.js?body=1" for 127.0.0.1 at 2012-03-16 18:28:12 +0100
Served asset /jquery.js - 304 Not Modified (5ms)


Started GET "/assets/active_admin/base.js?body=1" for 127.0.0.1 at 2012-03-16 18:28:12 +0100
Served asset /active_admin/base.js - 304 Not Modified (13ms)


Started GET "/assets/active_admin.css?body=1" for 127.0.0.1 at 2012-03-16 18:28:12 +0100
Served asset /active_admin.css - 200 OK (9ms)


Started GET "/assets/jquery_ujs.js?body=1" for 127.0.0.1 at 2012-03-16 18:28:12 +0100
Served asset /jquery_ujs.js - 304 Not Modified (2ms)


Started POST "/admin/login" for 127.0.0.1 at 2012-03-16 18:28:32 +0100
Processing by ActiveAdmin::Devise::SessionsController#create as HTML
  Parameters: {"utf8"=>"✓", "authenticity_token"=>"J6GGeZdSspvGiBa/1Ka4jlrq1K/VEUax+WTLpR4qpP8=", "admin_user"=>{"email"=>"admin@example.com", "password"=>"[FILTERED]", "remember_me"=>"0"}, "commit"=>"Login"}
  [1m[36mAdminUser Load (0.3ms)[0m  [1mSELECT "admin_users".* FROM "admin_users" WHERE "admin_users"."email" = 'admin@example.com' LIMIT 1[0m
  [1m[35m (0.1ms)[0m  begin transaction
  [1m[36m (0.6ms)[0m  [1mUPDATE "admin_users" SET "last_sign_in_at" = '2012-03-16 17:28:32.266141', "current_sign_in_at" = '2012-03-16 17:28:32.266141', "last_sign_in_ip" = '127.0.0.1', "current_sign_in_ip" = '127.0.0.1', "sign_in_count" = 1, "updated_at" = '2012-03-16 17:28:32.267630' WHERE "admin_users"."id" = 1[0m
  [1m[35m (1.5ms)[0m  commit transaction
Redirected to http://localhost:3000/admin
Completed 302 Found in 234ms (ActiveRecord: 0.0ms)


Started GET "/admin" for 127.0.0.1 at 2012-03-16 18:28:32 +0100
Processing by Admin::DashboardController#index as HTML
  [1m[36mAdminUser Load (0.3ms)[0m  [1mSELECT "admin_users".* FROM "admin_users" WHERE "admin_users"."id" = 1 LIMIT 1[0m
  Rendered /Users/danielemalavasi/.rvm/gems/ruby-1.9.3-p125/gems/activeadmin-0.4.3/app/views/active_admin/dashboard/index.html.arb (38.3ms)
Completed 200 OK in 70ms (Views: 67.4ms | ActiveRecord: 0.3ms)


Started GET "/assets/active_admin.css?body=1" for 127.0.0.1 at 2012-03-16 18:28:32 +0100
Served asset /active_admin.css - 304 Not Modified (5ms)


Started GET "/assets/active_admin.js" for 127.0.0.1 at 2012-03-16 18:28:32 +0100
Served asset /active_admin.js - 304 Not Modified (0ms)


Started GET "/admin" for 127.0.0.1 at 2012-03-16 18:29:20 +0100
Processing by Admin::DashboardController#index as HTML
  [1m[35mAdminUser Load (0.1ms)[0m  SELECT "admin_users".* FROM "admin_users" WHERE "admin_users"."id" = 1 LIMIT 1
  Rendered /Users/danielemalavasi/.rvm/gems/ruby-1.9.3-p125/gems/activeadmin-0.4.3/app/views/active_admin/dashboard/index.html.arb (45.7ms)
Completed 200 OK in 94ms (Views: 49.0ms | ActiveRecord: 0.5ms)


Started GET "/assets/active_admin.css?body=1" for 127.0.0.1 at 2012-03-16 18:29:26 +0100
Served asset /active_admin.css - 304 Not Modified (4ms)


Started GET "/assets/active_admin.js" for 127.0.0.1 at 2012-03-16 18:29:26 +0100
Served asset /active_admin.js - 304 Not Modified (0ms)


Started GET "/admin/schools" for 127.0.0.1 at 2012-03-16 18:29:31 +0100
Processing by Admin::SchoolsController#index as HTML
  [1m[36mAdminUser Load (0.2ms)[0m  [1mSELECT "admin_users".* FROM "admin_users" WHERE "admin_users"."id" = 1 LIMIT 1[0m
  [1m[35mSchool Exists (0.3ms)[0m  SELECT 1 FROM "schools" LIMIT 1 OFFSET 0
  Rendered /Users/danielemalavasi/.rvm/gems/ruby-1.9.3-p125/gems/activeadmin-0.4.3/app/views/active_admin/resource/index.html.arb (263.2ms)
Completed 200 OK in 282ms (Views: 274.8ms | ActiveRecord: 0.6ms)


Started GET "/assets/active_admin.js" for 127.0.0.1 at 2012-03-16 18:29:31 +0100
Served asset /active_admin.js - 304 Not Modified (0ms)


Started GET "/assets/active_admin.css?body=1" for 127.0.0.1 at 2012-03-16 18:29:31 +0100
Served asset /active_admin.css - 304 Not Modified (3ms)


Started GET "/assets/active_admin/datepicker/datepicker-nipple.png" for 127.0.0.1 at 2012-03-16 18:29:32 +0100
Served asset /active_admin/datepicker/datepicker-nipple.png - 304 Not Modified (56ms)


Started GET "/assets/active_admin/datepicker/datepicker-input-icon.png" for 127.0.0.1 at 2012-03-16 18:29:32 +0100
Served asset /active_admin/datepicker/datepicker-input-icon.png - 304 Not Modified (21ms)


Started GET "/admin/bookings" for 127.0.0.1 at 2012-03-16 18:29:34 +0100
Processing by Admin::BookingsController#index as HTML
  [1m[36mAdminUser Load (0.2ms)[0m  [1mSELECT "admin_users".* FROM "admin_users" WHERE "admin_users"."id" = 1 LIMIT 1[0m
  [1m[35mBooking Exists (0.2ms)[0m  SELECT 1 FROM "bookings" LIMIT 1 OFFSET 0
  [1m[36mSchool Load (0.2ms)[0m  [1mSELECT "schools".* FROM "schools" [0m
  Rendered /Users/danielemalavasi/.rvm/gems/ruby-1.9.3-p125/gems/activeadmin-0.4.3/app/views/active_admin/resource/index.html.arb (171.1ms)
Completed 200 OK in 177ms (Views: 173.3ms | ActiveRecord: 0.7ms)


Started GET "/assets/active_admin.css?body=1" for 127.0.0.1 at 2012-03-16 18:29:35 +0100
Served asset /active_admin.css - 304 Not Modified (2ms)


Started GET "/assets/active_admin.js" for 127.0.0.1 at 2012-03-16 18:29:35 +0100
Served asset /active_admin.js - 304 Not Modified (0ms)


Started GET "/assets/active_admin/datepicker/datepicker-nipple.png" for 127.0.0.1 at 2012-03-16 18:29:35 +0100
Served asset /active_admin/datepicker/datepicker-nipple.png - 304 Not Modified (0ms)


Started GET "/assets/active_admin/datepicker/datepicker-input-icon.png" for 127.0.0.1 at 2012-03-16 18:29:35 +0100
Served asset /active_admin/datepicker/datepicker-input-icon.png - 304 Not Modified (0ms)


Started GET "/admin/schools" for 127.0.0.1 at 2012-03-16 18:29:44 +0100
Processing by Admin::SchoolsController#index as HTML
  [1m[35mAdminUser Load (0.2ms)[0m  SELECT "admin_users".* FROM "admin_users" WHERE "admin_users"."id" = 1 LIMIT 1
  [1m[36mSchool Exists (0.2ms)[0m  [1mSELECT 1 FROM "schools" LIMIT 1 OFFSET 0[0m
  Rendered /Users/danielemalavasi/.rvm/gems/ruby-1.9.3-p125/gems/activeadmin-0.4.3/app/views/active_admin/resource/index.html.arb (164.1ms)
Completed 200 OK in 168ms (Views: 166.1ms | ActiveRecord: 0.4ms)


Started GET "/assets/active_admin.css?body=1" for 127.0.0.1 at 2012-03-16 18:29:44 +0100
Served asset /active_admin.css - 304 Not Modified (3ms)


Started GET "/assets/active_admin.js" for 127.0.0.1 at 2012-03-16 18:29:44 +0100
Served asset /active_admin.js - 304 Not Modified (0ms)


Started GET "/assets/active_admin/datepicker/datepicker-input-icon.png" for 127.0.0.1 at 2012-03-16 18:29:44 +0100
Served asset /active_admin/datepicker/datepicker-input-icon.png - 304 Not Modified (0ms)


Started GET "/assets/active_admin/datepicker/datepicker-nipple.png" for 127.0.0.1 at 2012-03-16 18:29:44 +0100
Served asset /active_admin/datepicker/datepicker-nipple.png - 304 Not Modified (0ms)


Started GET "/admin/bookings" for 127.0.0.1 at 2012-03-16 18:29:46 +0100
Processing by Admin::BookingsController#index as HTML
  [1m[35mAdminUser Load (0.2ms)[0m  SELECT "admin_users".* FROM "admin_users" WHERE "admin_users"."id" = 1 LIMIT 1
  [1m[36mBooking Exists (0.2ms)[0m  [1mSELECT 1 FROM "bookings" LIMIT 1 OFFSET 0[0m
  [1m[35mSchool Load (0.2ms)[0m  SELECT "schools".* FROM "schools" 
  Rendered /Users/danielemalavasi/.rvm/gems/ruby-1.9.3-p125/gems/activeadmin-0.4.3/app/views/active_admin/resource/index.html.arb (104.3ms)
Completed 200 OK in 108ms (Views: 106.1ms | ActiveRecord: 0.6ms)


Started GET "/assets/active_admin.css?body=1" for 127.0.0.1 at 2012-03-16 18:29:47 +0100
Served asset /active_admin.css - 304 Not Modified (4ms)


Started GET "/assets/active_admin.js" for 127.0.0.1 at 2012-03-16 18:29:47 +0100
Served asset /active_admin.js - 304 Not Modified (0ms)


Started GET "/assets/active_admin/datepicker/datepicker-input-icon.png" for 127.0.0.1 at 2012-03-16 18:29:47 +0100
Served asset /active_admin/datepicker/datepicker-input-icon.png - 304 Not Modified (0ms)


Started GET "/assets/active_admin/datepicker/datepicker-nipple.png" for 127.0.0.1 at 2012-03-16 18:29:47 +0100
Served asset /active_admin/datepicker/datepicker-nipple.png - 304 Not Modified (0ms)


Started GET "/admin" for 127.0.0.1 at 2012-03-16 18:30:28 +0100
Processing by Admin::DashboardController#index as HTML
  [1m[36mAdminUser Load (0.2ms)[0m  [1mSELECT "admin_users".* FROM "admin_users" WHERE "admin_users"."id" = 1 LIMIT 1[0m
  Rendered /Users/danielemalavasi/.rvm/gems/ruby-1.9.3-p125/gems/activeadmin-0.4.3/app/views/active_admin/dashboard/index.html.arb (6.1ms)
Completed 200 OK in 11ms (Views: 9.3ms | ActiveRecord: 0.2ms)


Started GET "/assets/active_admin.js" for 127.0.0.1 at 2012-03-16 18:30:28 +0100
Served asset /active_admin.js - 304 Not Modified (0ms)


Started GET "/assets/active_admin.css?body=1" for 127.0.0.1 at 2012-03-16 18:30:28 +0100
Served asset /active_admin.css - 304 Not Modified (2ms)


Started GET "/admin/schools" for 127.0.0.1 at 2012-03-16 18:30:29 +0100
Processing by Admin::SchoolsController#index as HTML
  [1m[35mAdminUser Load (0.2ms)[0m  SELECT "admin_users".* FROM "admin_users" WHERE "admin_users"."id" = 1 LIMIT 1
  [1m[36mSchool Exists (0.2ms)[0m  [1mSELECT 1 FROM "schools" LIMIT 1 OFFSET 0[0m
  Rendered /Users/danielemalavasi/.rvm/gems/ruby-1.9.3-p125/gems/activeadmin-0.4.3/app/views/active_admin/resource/index.html.arb (160.9ms)
Completed 200 OK in 166ms (Views: 163.5ms | ActiveRecord: 0.4ms)


Started GET "/assets/active_admin.js" for 127.0.0.1 at 2012-03-16 18:30:30 +0100
Served asset /active_admin.js - 304 Not Modified (0ms)


Started GET "/assets/active_admin.css?body=1" for 127.0.0.1 at 2012-03-16 18:30:30 +0100
Served asset /active_admin.css - 304 Not Modified (5ms)


Started GET "/assets/active_admin/datepicker/datepicker-input-icon.png" for 127.0.0.1 at 2012-03-16 18:30:30 +0100
Served asset /active_admin/datepicker/datepicker-input-icon.png - 304 Not Modified (0ms)


Started GET "/assets/active_admin/datepicker/datepicker-nipple.png" for 127.0.0.1 at 2012-03-16 18:30:30 +0100
Served asset /active_admin/datepicker/datepicker-nipple.png - 304 Not Modified (0ms)


Started GET "/admin/schools" for 127.0.0.1 at 2012-03-16 18:31:27 +0100
Processing by Admin::SchoolsController#index as HTML
  [1m[35mAdminUser Load (0.2ms)[0m  SELECT "admin_users".* FROM "admin_users" WHERE "admin_users"."id" = 1 LIMIT 1
  [1m[36mSchool Exists (0.2ms)[0m  [1mSELECT 1 FROM "schools" LIMIT 1 OFFSET 0[0m
  Rendered /Users/danielemalavasi/.rvm/gems/ruby-1.9.3-p125/gems/activeadmin-0.4.3/app/views/active_admin/resource/index.html.arb (165.7ms)
Completed 200 OK in 196ms (Views: 168.4ms | ActiveRecord: 0.5ms)


Started GET "/assets/active_admin.css?body=1" for 127.0.0.1 at 2012-03-16 18:31:27 +0100
Served asset /active_admin.css - 304 Not Modified (2ms)


Started GET "/assets/active_admin.js" for 127.0.0.1 at 2012-03-16 18:31:27 +0100
Served asset /active_admin.js - 304 Not Modified (0ms)


Started GET "/assets/active_admin/datepicker/datepicker-nipple.png" for 127.0.0.1 at 2012-03-16 18:31:27 +0100
Served asset /active_admin/datepicker/datepicker-nipple.png - 304 Not Modified (0ms)


Started GET "/assets/active_admin/datepicker/datepicker-input-icon.png" for 127.0.0.1 at 2012-03-16 18:31:27 +0100
Served asset /active_admin/datepicker/datepicker-input-icon.png - 304 Not Modified (0ms)


Started GET "/admin/admin_users" for 127.0.0.1 at 2012-03-16 18:31:30 +0100
Processing by Admin::AdminUsersController#index as HTML
  [1m[35mAdminUser Load (0.2ms)[0m  SELECT "admin_users".* FROM "admin_users" WHERE "admin_users"."id" = 1 LIMIT 1
  [1m[36mAdminUser Exists (0.3ms)[0m  [1mSELECT 1 FROM "admin_users" LIMIT 1 OFFSET 0[0m
  [1m[35m (0.1ms)[0m  SELECT COUNT(*) FROM "admin_users" 
  [1m[36m (0.3ms)[0m  [1mSELECT COUNT(count_column) FROM (SELECT 1 AS count_column FROM "admin_users" LIMIT 30 OFFSET 0) subquery_for_count [0m
  [1m[35mAdminUser Load (0.1ms)[0m  SELECT "admin_users".* FROM "admin_users" ORDER BY "admin_users"."id" desc LIMIT 30 OFFSET 0
  Rendered /Users/danielemalavasi/.rvm/gems/ruby-1.9.3-p125/gems/activeadmin-0.4.3/app/views/active_admin/resource/index.html.arb (304.9ms)
Completed 200 OK in 311ms (Views: 306.8ms | ActiveRecord: 1.0ms)


Started GET "/assets/active_admin.css?body=1" for 127.0.0.1 at 2012-03-16 18:31:30 +0100
Served asset /active_admin.css - 304 Not Modified (3ms)


Started GET "/assets/active_admin.js" for 127.0.0.1 at 2012-03-16 18:31:30 +0100
Served asset /active_admin.js - 304 Not Modified (0ms)


Started GET "/assets/active_admin/orderable.png" for 127.0.0.1 at 2012-03-16 18:31:30 +0100
Served asset /active_admin/orderable.png - 304 Not Modified (20ms)


Started GET "/assets/active_admin/datepicker/datepicker-nipple.png" for 127.0.0.1 at 2012-03-16 18:31:30 +0100
Served asset /active_admin/datepicker/datepicker-nipple.png - 304 Not Modified (0ms)


Started GET "/assets/active_admin/datepicker/datepicker-input-icon.png" for 127.0.0.1 at 2012-03-16 18:31:30 +0100
Served asset /active_admin/datepicker/datepicker-input-icon.png - 304 Not Modified (0ms)


Started GET "/admin/admin_users/1/edit" for 127.0.0.1 at 2012-03-16 18:31:57 +0100
Processing by Admin::AdminUsersController#edit as HTML
  Parameters: {"id"=>"1"}
  [1m[36mAdminUser Load (0.2ms)[0m  [1mSELECT "admin_users".* FROM "admin_users" WHERE "admin_users"."id" = 1 LIMIT 1[0m
  [1m[35mAdminUser Load (0.2ms)[0m  SELECT "admin_users".* FROM "admin_users" WHERE "admin_users"."id" = ? LIMIT 1  [["id", "1"]]
  [1m[36mAdminUser Load (0.2ms)[0m  [1mSELECT "admin_users".* FROM "admin_users" WHERE "admin_users"."id" = ? LIMIT 1[0m  [["id", 1]]
DEPRECATION WARNING: f.buttons is deprecated in favour of f.actions and will be removed from Formtastic after 2.1. Please see ActionsHelper and InputAction or ButtonAction for more information. (called from realtime at /Users/danielemalavasi/.rvm/rubies/ruby-1.9.3-p125/lib/ruby/1.9.1/benchmark.rb:295)
DEPRECATION WARNING: f.commit_button is deprecated in favour of f.action(:submit) and will be removed from Formtastic after 2.1. Please see ActionsHelper and InputAction or ButtonAction for more information. (called from realtime at /Users/danielemalavasi/.rvm/rubies/ruby-1.9.3-p125/lib/ruby/1.9.1/benchmark.rb:295)
  Rendered /Users/danielemalavasi/.rvm/gems/ruby-1.9.3-p125/gems/activeadmin-0.4.3/app/views/active_admin/resource/edit.html.arb (327.5ms)
Completed 200 OK in 359ms (Views: 355.5ms | ActiveRecord: 0.6ms)


Started GET "/assets/active_admin.css?body=1" for 127.0.0.1 at 2012-03-16 18:31:57 +0100
Served asset /active_admin.css - 304 Not Modified (3ms)


Started GET "/assets/active_admin.js" for 127.0.0.1 at 2012-03-16 18:31:57 +0100
Served asset /active_admin.js - 304 Not Modified (0ms)


Started GET "/admin/admin_users" for 127.0.0.1 at 2012-03-16 18:32:10 +0100
Processing by Admin::AdminUsersController#index as HTML
  [1m[35mAdminUser Load (0.3ms)[0m  SELECT "admin_users".* FROM "admin_users" WHERE "admin_users"."id" = 1 LIMIT 1
  [1m[36mAdminUser Exists (0.2ms)[0m  [1mSELECT 1 FROM "admin_users" LIMIT 1 OFFSET 0[0m
  [1m[35m (0.1ms)[0m  SELECT COUNT(*) FROM "admin_users" 
  [1m[36m (0.2ms)[0m  [1mSELECT COUNT(count_column) FROM (SELECT 1 AS count_column FROM "admin_users" LIMIT 30 OFFSET 0) subquery_for_count [0m
  [1m[35mAdminUser Load (0.1ms)[0m  SELECT "admin_users".* FROM "admin_users" ORDER BY "admin_users"."id" desc LIMIT 30 OFFSET 0
  Rendered /Users/danielemalavasi/.rvm/gems/ruby-1.9.3-p125/gems/activeadmin-0.4.3/app/views/active_admin/resource/index.html.arb (240.4ms)
Completed 200 OK in 245ms (Views: 242.3ms | ActiveRecord: 0.9ms)


Started GET "/assets/active_admin.js" for 127.0.0.1 at 2012-03-16 18:32:11 +0100
Served asset /active_admin.js - 304 Not Modified (0ms)


Started GET "/assets/active_admin.css?body=1" for 127.0.0.1 at 2012-03-16 18:32:11 +0100
Served asset /active_admin.css - 304 Not Modified (3ms)


Started GET "/assets/active_admin/orderable.png" for 127.0.0.1 at 2012-03-16 18:32:11 +0100
Served asset /active_admin/orderable.png - 304 Not Modified (0ms)


Started GET "/assets/active_admin/datepicker/datepicker-input-icon.png" for 127.0.0.1 at 2012-03-16 18:32:11 +0100
Served asset /active_admin/datepicker/datepicker-input-icon.png - 304 Not Modified (0ms)


Started GET "/assets/active_admin/datepicker/datepicker-nipple.png" for 127.0.0.1 at 2012-03-16 18:32:11 +0100
Served asset /active_admin/datepicker/datepicker-nipple.png - 304 Not Modified (0ms)


Started GET "/admin/admin_users" for 127.0.0.1 at 2012-03-16 18:35:26 +0100
Processing by Admin::AdminUsersController#index as HTML
  [1m[36mAdminUser Load (0.2ms)[0m  [1mSELECT "admin_users".* FROM "admin_users" WHERE "admin_users"."id" = 1 LIMIT 1[0m
  [1m[35mAdminUser Exists (0.2ms)[0m  SELECT 1 FROM "admin_users" LIMIT 1 OFFSET 0
  [1m[36m (0.1ms)[0m  [1mSELECT COUNT(*) FROM "admin_users" [0m
  [1m[35m (0.2ms)[0m  SELECT COUNT(count_column) FROM (SELECT 1 AS count_column FROM "admin_users" LIMIT 30 OFFSET 0) subquery_for_count 
  [1m[36mAdminUser Load (0.2ms)[0m  [1mSELECT "admin_users".* FROM "admin_users" ORDER BY "admin_users"."id" desc LIMIT 30 OFFSET 0[0m
  Rendered /Users/danielemalavasi/.rvm/gems/ruby-1.9.3-p125/gems/activeadmin-0.4.3/app/views/active_admin/resource/index.html.arb (219.9ms)
Completed 200 OK in 253ms (Views: 222.1ms | ActiveRecord: 1.0ms)


Started GET "/assets/active_admin.js" for 127.0.0.1 at 2012-03-16 18:35:27 +0100
Served asset /active_admin.js - 304 Not Modified (0ms)


Started GET "/assets/active_admin.css?body=1" for 127.0.0.1 at 2012-03-16 18:35:27 +0100
Served asset /active_admin.css - 304 Not Modified (2ms)


Started GET "/assets/active_admin/orderable.png" for 127.0.0.1 at 2012-03-16 18:35:27 +0100
Served asset /active_admin/orderable.png - 304 Not Modified (0ms)


Started GET "/assets/active_admin/datepicker/datepicker-nipple.png" for 127.0.0.1 at 2012-03-16 18:35:27 +0100
Served asset /active_admin/datepicker/datepicker-nipple.png - 304 Not Modified (0ms)


Started GET "/assets/active_admin/datepicker/datepicker-input-icon.png" for 127.0.0.1 at 2012-03-16 18:35:27 +0100
Served asset /active_admin/datepicker/datepicker-input-icon.png - 304 Not Modified (0ms)


Started GET "/admin/admin_users" for 127.0.0.1 at 2012-03-16 18:37:15 +0100
Processing by Admin::AdminUsersController#index as HTML
  [1m[35mAdminUser Load (0.2ms)[0m  SELECT "admin_users".* FROM "admin_users" WHERE "admin_users"."id" = 1 LIMIT 1
  [1m[36mAdminUser Exists (0.2ms)[0m  [1mSELECT 1 FROM "admin_users" LIMIT 1 OFFSET 0[0m
  [1m[35m (0.1ms)[0m  SELECT COUNT(*) FROM "admin_users" 
  [1m[36m (0.2ms)[0m  [1mSELECT COUNT(count_column) FROM (SELECT 1 AS count_column FROM "admin_users" LIMIT 30 OFFSET 0) subquery_for_count [0m
  [1m[35mAdminUser Load (0.1ms)[0m  SELECT "admin_users".* FROM "admin_users" ORDER BY "admin_users"."id" desc LIMIT 30 OFFSET 0
  Rendered /Users/danielemalavasi/.rvm/gems/ruby-1.9.3-p125/gems/activeadmin-0.4.3/app/views/active_admin/resource/index.html.arb (256.5ms)
Completed 200 OK in 286ms (Views: 258.6ms | ActiveRecord: 0.9ms)


Started GET "/assets/active_admin.js" for 127.0.0.1 at 2012-03-16 18:37:15 +0100
Served asset /active_admin.js - 304 Not Modified (0ms)


Started GET "/assets/active_admin.css?body=1" for 127.0.0.1 at 2012-03-16 18:37:15 +0100
Served asset /active_admin.css - 304 Not Modified (2ms)


Started GET "/assets/active_admin/datepicker/datepicker-input-icon.png" for 127.0.0.1 at 2012-03-16 18:37:16 +0100
Served asset /active_admin/datepicker/datepicker-input-icon.png - 304 Not Modified (0ms)


Started GET "/assets/active_admin/orderable.png" for 127.0.0.1 at 2012-03-16 18:37:16 +0100
Served asset /active_admin/orderable.png - 304 Not Modified (0ms)


Started GET "/assets/active_admin/datepicker/datepicker-nipple.png" for 127.0.0.1 at 2012-03-16 18:37:16 +0100
Served asset /active_admin/datepicker/datepicker-nipple.png - 304 Not Modified (0ms)


Started GET "/admin/admin_users" for 127.0.0.1 at 2012-03-16 18:38:34 +0100
Processing by Admin::AdminUsersController#index as HTML
  [1m[36mAdminUser Load (0.2ms)[0m  [1mSELECT "admin_users".* FROM "admin_users" WHERE "admin_users"."id" = 1 LIMIT 1[0m
  [1m[35mAdminUser Exists (0.2ms)[0m  SELECT 1 FROM "admin_users" LIMIT 1 OFFSET 0
  [1m[36m (0.2ms)[0m  [1mSELECT COUNT(*) FROM "admin_users" [0m
  [1m[35m (0.2ms)[0m  SELECT COUNT(count_column) FROM (SELECT 1 AS count_column FROM "admin_users" LIMIT 30 OFFSET 0) subquery_for_count 
  [1m[36mAdminUser Load (0.1ms)[0m  [1mSELECT "admin_users".* FROM "admin_users" ORDER BY "admin_users"."id" desc LIMIT 30 OFFSET 0[0m
  Rendered /Users/danielemalavasi/.rvm/gems/ruby-1.9.3-p125/gems/activeadmin-0.4.3/app/views/active_admin/resource/index.html.arb (268.4ms)
Completed 200 OK in 302ms (Views: 270.8ms | ActiveRecord: 1.0ms)


Started GET "/assets/active_admin.css?body=1" for 127.0.0.1 at 2012-03-16 18:38:34 +0100
Served asset /active_admin.css - 304 Not Modified (2ms)


Started GET "/assets/active_admin.js" for 127.0.0.1 at 2012-03-16 18:38:34 +0100
Served asset /active_admin.js - 304 Not Modified (0ms)


Started GET "/assets/active_admin/datepicker/datepicker-input-icon.png" for 127.0.0.1 at 2012-03-16 18:38:34 +0100
Served asset /active_admin/datepicker/datepicker-input-icon.png - 304 Not Modified (0ms)


Started GET "/assets/active_admin/datepicker/datepicker-nipple.png" for 127.0.0.1 at 2012-03-16 18:38:34 +0100
Served asset /active_admin/datepicker/datepicker-nipple.png - 304 Not Modified (0ms)


Started GET "/assets/active_admin/orderable.png" for 127.0.0.1 at 2012-03-16 18:38:34 +0100
Served asset /active_admin/orderable.png - 304 Not Modified (0ms)


Started GET "/admin/admin_users" for 127.0.0.1 at 2012-03-16 18:40:17 +0100
Processing by Admin::AdminUsersController#index as HTML
  [1m[35mAdminUser Load (0.2ms)[0m  SELECT "admin_users".* FROM "admin_users" WHERE "admin_users"."id" = 1 LIMIT 1
  [1m[36mAdminUser Exists (0.2ms)[0m  [1mSELECT 1 FROM "admin_users" LIMIT 1 OFFSET 0[0m
  [1m[35m (0.1ms)[0m  SELECT COUNT(*) FROM "admin_users" 
  [1m[36m (0.2ms)[0m  [1mSELECT COUNT(count_column) FROM (SELECT 1 AS count_column FROM "admin_users" LIMIT 30 OFFSET 0) subquery_for_count [0m
  [1m[35mAdminUser Load (0.2ms)[0m  SELECT "admin_users".* FROM "admin_users" ORDER BY "admin_users"."id" desc LIMIT 30 OFFSET 0
  Rendered /Users/danielemalavasi/.rvm/gems/ruby-1.9.3-p125/gems/activeadmin-0.4.3/app/views/active_admin/resource/index.html.arb (34.6ms)
Completed 200 OK in 109ms (Views: 37.4ms | ActiveRecord: 1.0ms)


Started GET "/assets/active_admin.css?body=1" for 127.0.0.1 at 2012-03-16 18:40:18 +0100
Served asset /active_admin.css - 304 Not Modified (2ms)


Started GET "/assets/active_admin.js" for 127.0.0.1 at 2012-03-16 18:40:18 +0100
Served asset /active_admin.js - 304 Not Modified (0ms)


Started GET "/assets/active_admin/orderable.png" for 127.0.0.1 at 2012-03-16 18:40:18 +0100
Served asset /active_admin/orderable.png - 304 Not Modified (0ms)


Started GET "/admin/admin_users/1/edit" for 127.0.0.1 at 2012-03-16 18:41:52 +0100
Processing by Admin::AdminUsersController#edit as HTML
  Parameters: {"id"=>"1"}
  [1m[36mAdminUser Load (0.2ms)[0m  [1mSELECT "admin_users".* FROM "admin_users" WHERE "admin_users"."id" = 1 LIMIT 1[0m
  [1m[35mAdminUser Load (0.1ms)[0m  SELECT "admin_users".* FROM "admin_users" WHERE "admin_users"."id" = ? LIMIT 1  [["id", "1"]]
  [1m[36mAdminUser Load (0.1ms)[0m  [1mSELECT "admin_users".* FROM "admin_users" WHERE "admin_users"."id" = ? LIMIT 1[0m  [["id", 1]]
DEPRECATION WARNING: f.buttons is deprecated in favour of f.actions and will be removed from Formtastic after 2.1. Please see ActionsHelper and InputAction or ButtonAction for more information. (called from realtime at /Users/danielemalavasi/.rvm/rubies/ruby-1.9.3-p125/lib/ruby/1.9.1/benchmark.rb:295)
DEPRECATION WARNING: f.commit_button is deprecated in favour of f.action(:submit) and will be removed from Formtastic after 2.1. Please see ActionsHelper and InputAction or ButtonAction for more information. (called from realtime at /Users/danielemalavasi/.rvm/rubies/ruby-1.9.3-p125/lib/ruby/1.9.1/benchmark.rb:295)
  Rendered /Users/danielemalavasi/.rvm/gems/ruby-1.9.3-p125/gems/activeadmin-0.4.3/app/views/active_admin/resource/edit.html.arb (141.8ms)
Completed 200 OK in 147ms (Views: 143.8ms | ActiveRecord: 0.5ms)


Started GET "/assets/active_admin.css?body=1" for 127.0.0.1 at 2012-03-16 18:41:52 +0100
Served asset /active_admin.css - 304 Not Modified (2ms)


Started GET "/assets/active_admin.js" for 127.0.0.1 at 2012-03-16 18:41:52 +0100
Served asset /active_admin.js - 304 Not Modified (0ms)


Started GET "/admin/admin_users/1/edit" for 127.0.0.1 at 2012-03-16 18:44:19 +0100
Processing by Admin::AdminUsersController#edit as HTML
  Parameters: {"id"=>"1"}
  [1m[35mAdminUser Load (0.2ms)[0m  SELECT "admin_users".* FROM "admin_users" WHERE "admin_users"."id" = 1 LIMIT 1
  [1m[36mAdminUser Load (0.3ms)[0m  [1mSELECT "admin_users".* FROM "admin_users" WHERE "admin_users"."id" = ? LIMIT 1[0m  [["id", "1"]]
  [1m[35mAdminUser Load (0.2ms)[0m  SELECT "admin_users".* FROM "admin_users" WHERE "admin_users"."id" = ? LIMIT 1  [["id", 1]]
DEPRECATION WARNING: f.buttons is deprecated in favour of f.actions and will be removed from Formtastic after 2.1. Please see ActionsHelper and InputAction or ButtonAction for more information. (called from block (2 levels) in <top (required)> at /Users/danielemalavasi/Desktop/Lele/Intesys/Rails/sealife_jesolo/app/admin/admin_users.rb:19)
DEPRECATION WARNING: f.commit_button is deprecated in favour of f.action(:submit) and will be removed from Formtastic after 2.1. Please see ActionsHelper and InputAction or ButtonAction for more information. (called from block (2 levels) in <top (required)> at /Users/danielemalavasi/Desktop/Lele/Intesys/Rails/sealife_jesolo/app/admin/admin_users.rb:19)
  Rendered /Users/danielemalavasi/.rvm/gems/ruby-1.9.3-p125/gems/activeadmin-0.4.3/app/views/active_admin/resource/edit.html.arb (23.7ms)
Completed 200 OK in 98ms (Views: 26.2ms | ActiveRecord: 0.8ms)


Started GET "/assets/active_admin.js" for 127.0.0.1 at 2012-03-16 18:44:19 +0100
Served asset /active_admin.js - 304 Not Modified (0ms)


Started GET "/assets/active_admin.css?body=1" for 127.0.0.1 at 2012-03-16 18:44:19 +0100
Served asset /active_admin.css - 304 Not Modified (3ms)


Started GET "/admin/schools" for 127.0.0.1 at 2012-03-16 18:44:34 +0100
Processing by Admin::SchoolsController#index as HTML
  [1m[36mAdminUser Load (0.2ms)[0m  [1mSELECT "admin_users".* FROM "admin_users" WHERE "admin_users"."id" = 1 LIMIT 1[0m
  [1m[35mSchool Exists (0.2ms)[0m  SELECT 1 FROM "schools" LIMIT 1 OFFSET 0
  Rendered /Users/danielemalavasi/.rvm/gems/ruby-1.9.3-p125/gems/activeadmin-0.4.3/app/views/active_admin/resource/index.html.arb (167.5ms)
Completed 200 OK in 173ms (Views: 169.9ms | ActiveRecord: 0.4ms)


Started GET "/assets/active_admin.css?body=1" for 127.0.0.1 at 2012-03-16 18:44:34 +0100
Served asset /active_admin.css - 304 Not Modified (2ms)


Started GET "/assets/active_admin.js" for 127.0.0.1 at 2012-03-16 18:44:34 +0100
Served asset /active_admin.js - 304 Not Modified (0ms)


Started GET "/assets/active_admin/datepicker/datepicker-nipple.png" for 127.0.0.1 at 2012-03-16 18:44:34 +0100
Served asset /active_admin/datepicker/datepicker-nipple.png - 304 Not Modified (0ms)


Started GET "/assets/active_admin/datepicker/datepicker-input-icon.png" for 127.0.0.1 at 2012-03-16 18:44:34 +0100
Served asset /active_admin/datepicker/datepicker-input-icon.png - 304 Not Modified (0ms)


Started GET "/admin/schools/new" for 127.0.0.1 at 2012-03-16 18:44:36 +0100
Processing by Admin::SchoolsController#new as HTML
  [1m[36mAdminUser Load (0.2ms)[0m  [1mSELECT "admin_users".* FROM "admin_users" WHERE "admin_users"."id" = 1 LIMIT 1[0m
DEPRECATION WARNING: f.buttons is deprecated in favour of f.actions and will be removed from Formtastic after 2.1. Please see ActionsHelper and InputAction or ButtonAction for more information. (called from realtime at /Users/danielemalavasi/.rvm/rubies/ruby-1.9.3-p125/lib/ruby/1.9.1/benchmark.rb:295)
DEPRECATION WARNING: f.commit_button is deprecated in favour of f.action(:submit) and will be removed from Formtastic after 2.1. Please see ActionsHelper and InputAction or ButtonAction for more information. (called from realtime at /Users/danielemalavasi/.rvm/rubies/ruby-1.9.3-p125/lib/ruby/1.9.1/benchmark.rb:295)
  Rendered /Users/danielemalavasi/.rvm/gems/ruby-1.9.3-p125/gems/activeadmin-0.4.3/app/views/active_admin/resource/new.html.arb (77.9ms)
Completed 200 OK in 132ms (Views: 120.8ms | ActiveRecord: 0.2ms)


Started GET "/assets/active_admin.css?body=1" for 127.0.0.1 at 2012-03-16 18:44:36 +0100
Served asset /active_admin.css - 304 Not Modified (2ms)


Started GET "/assets/active_admin.js" for 127.0.0.1 at 2012-03-16 18:44:36 +0100
Served asset /active_admin.js - 304 Not Modified (0ms)


Started POST "/admin/schools" for 127.0.0.1 at 2012-03-16 18:44:55 +0100
Processing by Admin::SchoolsController#create as HTML
  Parameters: {"utf8"=>"✓", "authenticity_token"=>"J6GGeZdSspvGiBa/1Ka4jlrq1K/VEUax+WTLpR4qpP8=", "school"=>{"name"=>"Galileo", "email"=>"galileo@univr.it", "first_teacher"=>"PPP", "city"=>"ssss"}, "commit"=>"Create School"}
  [1m[35mAdminUser Load (0.2ms)[0m  SELECT "admin_users".* FROM "admin_users" WHERE "admin_users"."id" = 1 LIMIT 1
  [1m[36m (0.0ms)[0m  [1mbegin transaction[0m
  [1m[35mSQL (23.2ms)[0m  INSERT INTO "schools" ("city", "created_at", "email", "first_teacher", "name", "schooltype_id", "updated_at") VALUES (?, ?, ?, ?, ?, ?, ?)  [["city", "ssss"], ["created_at", Fri, 16 Mar 2012 17:44:55 UTC +00:00], ["email", "galileo@univr.it"], ["first_teacher", "PPP"], ["name", "Galileo"], ["schooltype_id", nil], ["updated_at", Fri, 16 Mar 2012 17:44:55 UTC +00:00]]
  [1m[36m (99.7ms)[0m  [1mcommit transaction[0m
Redirected to http://localhost:3000/admin/schools/1
Completed 302 Found in 137ms (ActiveRecord: 0.0ms)


Started GET "/admin/schools/1" for 127.0.0.1 at 2012-03-16 18:44:55 +0100
Processing by Admin::SchoolsController#show as HTML
  Parameters: {"id"=>"1"}
  [1m[35mAdminUser Load (0.2ms)[0m  SELECT "admin_users".* FROM "admin_users" WHERE "admin_users"."id" = 1 LIMIT 1
  [1m[36mSchool Load (0.1ms)[0m  [1mSELECT "schools".* FROM "schools" WHERE "schools"."id" = ? LIMIT 1[0m  [["id", "1"]]
  [1m[35m (0.1ms)[0m  SELECT COUNT(*) FROM "active_admin_comments" WHERE "active_admin_comments"."resource_type" = 'School' AND "active_admin_comments"."resource_id" = '1' AND "active_admin_comments"."namespace" = 'admin'
  [1m[36mCACHE (0.0ms)[0m  [1mSELECT COUNT(*) FROM "active_admin_comments" WHERE "active_admin_comments"."resource_type" = 'School' AND "active_admin_comments"."resource_id" = '1' AND "active_admin_comments"."namespace" = 'admin'[0m
DEPRECATION WARNING: f.buttons is deprecated in favour of f.actions and will be removed from Formtastic after 2.1. Please see ActionsHelper and InputAction or ButtonAction for more information. (called from realtime at /Users/danielemalavasi/.rvm/rubies/ruby-1.9.3-p125/lib/ruby/1.9.1/benchmark.rb:295)
DEPRECATION WARNING: f.commit_button is deprecated in favour of f.action(:submit) and will be removed from Formtastic after 2.1. Please see ActionsHelper and InputAction or ButtonAction for more information. (called from realtime at /Users/danielemalavasi/.rvm/rubies/ruby-1.9.3-p125/lib/ruby/1.9.1/benchmark.rb:295)
  Rendered /Users/danielemalavasi/.rvm/gems/ruby-1.9.3-p125/gems/activeadmin-0.4.3/app/views/active_admin/resource/show.html.arb (99.6ms)
Completed 200 OK in 123ms (Views: 118.7ms | ActiveRecord: 0.8ms)


Started GET "/assets/active_admin.css?body=1" for 127.0.0.1 at 2012-03-16 18:44:56 +0100
Served asset /active_admin.css - 304 Not Modified (2ms)


Started GET "/assets/active_admin.js" for 127.0.0.1 at 2012-03-16 18:44:56 +0100
Served asset /active_admin.js - 304 Not Modified (0ms)


Started GET "/admin/schools/1/edit" for 127.0.0.1 at 2012-03-16 18:45:38 +0100
Processing by Admin::SchoolsController#edit as HTML
  Parameters: {"id"=>"1"}
  [1m[35mAdminUser Load (0.2ms)[0m  SELECT "admin_users".* FROM "admin_users" WHERE "admin_users"."id" = 1 LIMIT 1
  [1m[36mSchool Load (0.1ms)[0m  [1mSELECT "schools".* FROM "schools" WHERE "schools"."id" = ? LIMIT 1[0m  [["id", "1"]]
  [1m[35mSchool Load (0.2ms)[0m  SELECT "schools".* FROM "schools" WHERE "schools"."id" = ? LIMIT 1  [["id", 1]]
DEPRECATION WARNING: f.buttons is deprecated in favour of f.actions and will be removed from Formtastic after 2.1. Please see ActionsHelper and InputAction or ButtonAction for more information. (called from realtime at /Users/danielemalavasi/.rvm/rubies/ruby-1.9.3-p125/lib/ruby/1.9.1/benchmark.rb:295)
DEPRECATION WARNING: f.commit_button is deprecated in favour of f.action(:submit) and will be removed from Formtastic after 2.1. Please see ActionsHelper and InputAction or ButtonAction for more information. (called from realtime at /Users/danielemalavasi/.rvm/rubies/ruby-1.9.3-p125/lib/ruby/1.9.1/benchmark.rb:295)
  Rendered /Users/danielemalavasi/.rvm/gems/ruby-1.9.3-p125/gems/activeadmin-0.4.3/app/views/active_admin/resource/edit.html.arb (71.3ms)
Completed 200 OK in 77ms (Views: 73.3ms | ActiveRecord: 0.5ms)


Started GET "/assets/active_admin.css?body=1" for 127.0.0.1 at 2012-03-16 18:45:38 +0100
Served asset /active_admin.css - 304 Not Modified (4ms)


Started GET "/assets/active_admin.js" for 127.0.0.1 at 2012-03-16 18:45:38 +0100
Served asset /active_admin.js - 304 Not Modified (0ms)


Started GET "/admin/schools/1/edit" for 127.0.0.1 at 2012-03-16 18:46:40 +0100
Processing by Admin::SchoolsController#edit as HTML
  Parameters: {"id"=>"1"}
  [1m[36mAdminUser Load (0.2ms)[0m  [1mSELECT "admin_users".* FROM "admin_users" WHERE "admin_users"."id" = 1 LIMIT 1[0m
  [1m[35mSchool Load (0.3ms)[0m  SELECT "schools".* FROM "schools" WHERE "schools"."id" = ? LIMIT 1  [["id", "1"]]
  [1m[36mSchool Load (0.1ms)[0m  [1mSELECT "schools".* FROM "schools" WHERE "schools"."id" = ? LIMIT 1[0m  [["id", 1]]
DEPRECATION WARNING: f.buttons is deprecated in favour of f.actions and will be removed from Formtastic after 2.1. Please see ActionsHelper and InputAction or ButtonAction for more information. (called from realtime at /Users/danielemalavasi/.rvm/rubies/ruby-1.9.3-p125/lib/ruby/1.9.1/benchmark.rb:295)
DEPRECATION WARNING: f.commit_button is deprecated in favour of f.action(:submit) and will be removed from Formtastic after 2.1. Please see ActionsHelper and InputAction or ButtonAction for more information. (called from realtime at /Users/danielemalavasi/.rvm/rubies/ruby-1.9.3-p125/lib/ruby/1.9.1/benchmark.rb:295)
  Rendered /Users/danielemalavasi/.rvm/gems/ruby-1.9.3-p125/gems/activeadmin-0.4.3/app/views/active_admin/resource/edit.html.arb (68.8ms)
Completed 200 OK in 105ms (Views: 71.3ms | ActiveRecord: 0.7ms)


Started GET "/assets/active_admin.js" for 127.0.0.1 at 2012-03-16 18:46:40 +0100
Served asset /active_admin.js - 304 Not Modified (0ms)


Started GET "/assets/active_admin.css?body=1" for 127.0.0.1 at 2012-03-16 18:46:40 +0100
Served asset /active_admin.css - 304 Not Modified (3ms)


Started PUT "/admin/schools/1" for 127.0.0.1 at 2012-03-16 18:46:45 +0100
Processing by Admin::SchoolsController#update as HTML
  Parameters: {"utf8"=>"✓", "authenticity_token"=>"J6GGeZdSspvGiBa/1Ka4jlrq1K/VEUax+WTLpR4qpP8=", "school"=>{"name"=>"Galileo", "email"=>"", "first_teacher"=>"PPP", "city"=>"ssss"}, "commit"=>"Update School", "id"=>"1"}
  [1m[35mAdminUser Load (0.2ms)[0m  SELECT "admin_users".* FROM "admin_users" WHERE "admin_users"."id" = 1 LIMIT 1
  [1m[36mSchool Load (0.1ms)[0m  [1mSELECT "schools".* FROM "schools" WHERE "schools"."id" = ? LIMIT 1[0m  [["id", "1"]]
  [1m[35m (0.0ms)[0m  begin transaction
  [1m[36m (0.0ms)[0m  [1mrollback transaction[0m
  [1m[35mSchool Load (0.2ms)[0m  SELECT "schools".* FROM "schools" WHERE "schools"."id" = ? LIMIT 1  [["id", 1]]
DEPRECATION WARNING: f.buttons is deprecated in favour of f.actions and will be removed from Formtastic after 2.1. Please see ActionsHelper and InputAction or ButtonAction for more information. (called from realtime at /Users/danielemalavasi/.rvm/rubies/ruby-1.9.3-p125/lib/ruby/1.9.1/benchmark.rb:295)
DEPRECATION WARNING: f.commit_button is deprecated in favour of f.action(:submit) and will be removed from Formtastic after 2.1. Please see ActionsHelper and InputAction or ButtonAction for more information. (called from realtime at /Users/danielemalavasi/.rvm/rubies/ruby-1.9.3-p125/lib/ruby/1.9.1/benchmark.rb:295)
  Rendered /Users/danielemalavasi/.rvm/gems/ruby-1.9.3-p125/gems/activeadmin-0.4.3/app/views/active_admin/resource/edit.html.arb (30.4ms)
Completed 200 OK in 38ms (Views: 32.5ms | ActiveRecord: 0.6ms)


Started GET "/assets/active_admin.css?body=1" for 127.0.0.1 at 2012-03-16 18:46:45 +0100
Served asset /active_admin.css - 304 Not Modified (2ms)


Started GET "/assets/active_admin.js" for 127.0.0.1 at 2012-03-16 18:46:45 +0100
Served asset /active_admin.js - 304 Not Modified (0ms)


Started PUT "/admin/schools/1" for 127.0.0.1 at 2012-03-16 18:46:56 +0100
Processing by Admin::SchoolsController#update as HTML
  Parameters: {"utf8"=>"✓", "authenticity_token"=>"J6GGeZdSspvGiBa/1Ka4jlrq1K/VEUax+WTLpR4qpP8=", "school"=>{"name"=>"Galileo", "email"=>"galileo@univr.it", "first_teacher"=>"PPP", "city"=>"ssss"}, "commit"=>"Update School", "id"=>"1"}
  [1m[36mAdminUser Load (0.2ms)[0m  [1mSELECT "admin_users".* FROM "admin_users" WHERE "admin_users"."id" = 1 LIMIT 1[0m
  [1m[35mSchool Load (0.1ms)[0m  SELECT "schools".* FROM "schools" WHERE "schools"."id" = ? LIMIT 1  [["id", "1"]]
  [1m[36m (0.1ms)[0m  [1mbegin transaction[0m
  [1m[35m (0.1ms)[0m  commit transaction
Redirected to http://localhost:3000/admin/schools/1
Completed 302 Found in 11ms (ActiveRecord: 0.0ms)


Started GET "/admin/schools/1" for 127.0.0.1 at 2012-03-16 18:46:56 +0100
Processing by Admin::SchoolsController#show as HTML
  Parameters: {"id"=>"1"}
  [1m[36mAdminUser Load (0.2ms)[0m  [1mSELECT "admin_users".* FROM "admin_users" WHERE "admin_users"."id" = 1 LIMIT 1[0m
  [1m[35mSchool Load (0.1ms)[0m  SELECT "schools".* FROM "schools" WHERE "schools"."id" = ? LIMIT 1  [["id", "1"]]
  [1m[36m (0.1ms)[0m  [1mSELECT COUNT(*) FROM "active_admin_comments" WHERE "active_admin_comments"."resource_type" = 'School' AND "active_admin_comments"."resource_id" = '1' AND "active_admin_comments"."namespace" = 'admin'[0m
  [1m[35mCACHE (0.0ms)[0m  SELECT COUNT(*) FROM "active_admin_comments" WHERE "active_admin_comments"."resource_type" = 'School' AND "active_admin_comments"."resource_id" = '1' AND "active_admin_comments"."namespace" = 'admin'
DEPRECATION WARNING: f.buttons is deprecated in favour of f.actions and will be removed from Formtastic after 2.1. Please see ActionsHelper and InputAction or ButtonAction for more information. (called from realtime at /Users/danielemalavasi/.rvm/rubies/ruby-1.9.3-p125/lib/ruby/1.9.1/benchmark.rb:295)
DEPRECATION WARNING: f.commit_button is deprecated in favour of f.action(:submit) and will be removed from Formtastic after 2.1. Please see ActionsHelper and InputAction or ButtonAction for more information. (called from realtime at /Users/danielemalavasi/.rvm/rubies/ruby-1.9.3-p125/lib/ruby/1.9.1/benchmark.rb:295)
  Rendered /Users/danielemalavasi/.rvm/gems/ruby-1.9.3-p125/gems/activeadmin-0.4.3/app/views/active_admin/resource/show.html.arb (21.5ms)
Completed 200 OK in 27ms (Views: 23.4ms | ActiveRecord: 0.7ms)


Started GET "/assets/active_admin.css?body=1" for 127.0.0.1 at 2012-03-16 18:46:56 +0100
Served asset /active_admin.css - 304 Not Modified (4ms)


Started GET "/assets/active_admin.js" for 127.0.0.1 at 2012-03-16 18:46:56 +0100
Served asset /active_admin.js - 304 Not Modified (0ms)


Started GET "/admin/schools/1/edit" for 127.0.0.1 at 2012-03-16 18:49:00 +0100
Processing by Admin::SchoolsController#edit as HTML
  Parameters: {"id"=>"1"}
  [1m[36mAdminUser Load (0.2ms)[0m  [1mSELECT "admin_users".* FROM "admin_users" WHERE "admin_users"."id" = 1 LIMIT 1[0m
  [1m[35mSchool Load (0.1ms)[0m  SELECT "schools".* FROM "schools" WHERE "schools"."id" = ? LIMIT 1  [["id", "1"]]
  [1m[36mSchool Load (0.1ms)[0m  [1mSELECT "schools".* FROM "schools" WHERE "schools"."id" = ? LIMIT 1[0m  [["id", 1]]
DEPRECATION WARNING: f.buttons is deprecated in favour of f.actions and will be removed from Formtastic after 2.1. Please see ActionsHelper and InputAction or ButtonAction for more information. (called from realtime at /Users/danielemalavasi/.rvm/rubies/ruby-1.9.3-p125/lib/ruby/1.9.1/benchmark.rb:295)
DEPRECATION WARNING: f.commit_button is deprecated in favour of f.action(:submit) and will be removed from Formtastic after 2.1. Please see ActionsHelper and InputAction or ButtonAction for more information. (called from realtime at /Users/danielemalavasi/.rvm/rubies/ruby-1.9.3-p125/lib/ruby/1.9.1/benchmark.rb:295)
  Rendered /Users/danielemalavasi/.rvm/gems/ruby-1.9.3-p125/gems/activeadmin-0.4.3/app/views/active_admin/resource/edit.html.arb (24.9ms)
Completed 200 OK in 29ms (Views: 26.8ms | ActiveRecord: 0.5ms)


Started GET "/assets/active_admin.js" for 127.0.0.1 at 2012-03-16 18:49:00 +0100
Served asset /active_admin.js - 304 Not Modified (0ms)


Started GET "/assets/active_admin.css?body=1" for 127.0.0.1 at 2012-03-16 18:49:00 +0100
Served asset /active_admin.css - 304 Not Modified (2ms)


Started PUT "/admin/schools/1" for 127.0.0.1 at 2012-03-16 18:49:07 +0100
Processing by Admin::SchoolsController#update as HTML
  Parameters: {"utf8"=>"✓", "authenticity_token"=>"J6GGeZdSspvGiBa/1Ka4jlrq1K/VEUax+WTLpR4qpP8=", "school"=>{"name"=>"Galileo", "email"=>"galileo", "first_teacher"=>"PPP", "city"=>"ssss"}, "commit"=>"Update School", "id"=>"1"}
  [1m[35mAdminUser Load (0.2ms)[0m  SELECT "admin_users".* FROM "admin_users" WHERE "admin_users"."id" = 1 LIMIT 1
  [1m[36mSchool Load (0.1ms)[0m  [1mSELECT "schools".* FROM "schools" WHERE "schools"."id" = ? LIMIT 1[0m  [["id", "1"]]
  [1m[35m (0.0ms)[0m  begin transaction
  [1m[36m (0.3ms)[0m  [1mUPDATE "schools" SET "email" = 'galileo', "updated_at" = '2012-03-16 17:49:07.943411' WHERE "schools"."id" = 1[0m
  [1m[35m (1.1ms)[0m  commit transaction
Redirected to http://localhost:3000/admin/schools/1
Completed 302 Found in 11ms (ActiveRecord: 0.0ms)


Started GET "/admin/schools/1" for 127.0.0.1 at 2012-03-16 18:49:07 +0100
Processing by Admin::SchoolsController#show as HTML
  Parameters: {"id"=>"1"}
  [1m[36mAdminUser Load (0.2ms)[0m  [1mSELECT "admin_users".* FROM "admin_users" WHERE "admin_users"."id" = 1 LIMIT 1[0m
  [1m[35mSchool Load (0.1ms)[0m  SELECT "schools".* FROM "schools" WHERE "schools"."id" = ? LIMIT 1  [["id", "1"]]
  [1m[36m (0.2ms)[0m  [1mSELECT COUNT(*) FROM "active_admin_comments" WHERE "active_admin_comments"."resource_type" = 'School' AND "active_admin_comments"."resource_id" = '1' AND "active_admin_comments"."namespace" = 'admin'[0m
  [1m[35mCACHE (0.0ms)[0m  SELECT COUNT(*) FROM "active_admin_comments" WHERE "active_admin_comments"."resource_type" = 'School' AND "active_admin_comments"."resource_id" = '1' AND "active_admin_comments"."namespace" = 'admin'
DEPRECATION WARNING: f.buttons is deprecated in favour of f.actions and will be removed from Formtastic after 2.1. Please see ActionsHelper and InputAction or ButtonAction for more information. (called from realtime at /Users/danielemalavasi/.rvm/rubies/ruby-1.9.3-p125/lib/ruby/1.9.1/benchmark.rb:295)
DEPRECATION WARNING: f.commit_button is deprecated in favour of f.action(:submit) and will be removed from Formtastic after 2.1. Please see ActionsHelper and InputAction or ButtonAction for more information. (called from realtime at /Users/danielemalavasi/.rvm/rubies/ruby-1.9.3-p125/lib/ruby/1.9.1/benchmark.rb:295)
  Rendered /Users/danielemalavasi/.rvm/gems/ruby-1.9.3-p125/gems/activeadmin-0.4.3/app/views/active_admin/resource/show.html.arb (71.8ms)
Completed 200 OK in 75ms (Views: 73.5ms | ActiveRecord: 0.5ms)


Started GET "/assets/active_admin.css?body=1" for 127.0.0.1 at 2012-03-16 18:49:08 +0100
Served asset /active_admin.css - 304 Not Modified (3ms)


Started GET "/assets/active_admin.js" for 127.0.0.1 at 2012-03-16 18:49:08 +0100
Served asset /active_admin.js - 304 Not Modified (0ms)
